[22:12:14] [main/INFO]: Using mbed TLS based native cipher.
[22:12:14] [main/INFO]: Using zlib based native compressor.
[22:12:14] [main/INFO]: Enabled Waterfall version git:Waterfall-Bootstrap:1.21-R0.1-SNAPSHOT:de8345a:579
[22:12:14] [main/WARN]: Waterfall has reached end of life and is no longer maintained. We recommend you transition to Velocity (https://papermc.io/software/velocity). For more information, see the announcement (https://forums.papermc.io/threads/1088/).
[22:12:14] [main/INFO]: Not on Windows, attempting to use enhanced EpollEventLoop
[22:12:14] [main/INFO]: Epoll is working, utilising it!
[22:12:14] [main/INFO]: Discovered module: ModuleSpec(name=cmd_alert, file=modules/cmd_alert.jar, provider=JenkinsModuleSource())
[22:12:14] [main/INFO]: Discovered module: ModuleSpec(name=cmd_find, file=modules/cmd_find.jar, provider=JenkinsModuleSource())
[22:12:14] [main/INFO]: Discovered module: ModuleSpec(name=cmd_list, file=modules/cmd_list.jar, provider=JenkinsModuleSource())
[22:12:14] [main/INFO]: Discovered module: ModuleSpec(name=cmd_send, file=modules/cmd_send.jar, provider=JenkinsModuleSource())
[22:12:14] [main/INFO]: Discovered module: ModuleSpec(name=cmd_server, file=modules/cmd_server.jar, provider=JenkinsModuleSource())
[22:12:14] [main/INFO]: Discovered module: ModuleSpec(name=reconnect_yaml, file=modules/reconnect_yaml.jar, provider=JenkinsModuleSource())
[22:12:15] [main/INFO]: Loaded plugin reconnect_yaml version git:reconnect_yaml:1.21-R0.1-SNAPSHOT:de8345a:579 by WaterfallMC
[22:12:15] [main/INFO]: Loaded plugin cmd_find version git:cmd_find:1.21-R0.1-SNAPSHOT:de8345a:579 by WaterfallMC
[22:12:15] [main/INFO]: Loaded plugin cmd_server version git:cmd_server:1.21-R0.1-SNAPSHOT:de8345a:579 by WaterfallMC
[22:12:15] [main/INFO]: Loaded plugin cmd_alert version git:cmd_alert:1.21-R0.1-SNAPSHOT:de8345a:579 by WaterfallMC
[22:12:15] [main/INFO]: Loaded plugin cmd_send version git:cmd_send:1.21-R0.1-SNAPSHOT:de8345a:579 by WaterfallMC
[22:12:15] [main/INFO]: Loaded plugin cmd_list version git:cmd_list:1.21-R0.1-SNAPSHOT:de8345a:579 by WaterfallMC
[22:12:15] [main/WARN]: :>:>:>:>:>:>:>:>:>:>:>:>:>:>:>:>:>:>:>:>:>:>:>
[22:12:15] [main/WARN]: :>  
[22:12:15] [main/WARN]: :>      EAGLERCRAFTXBUNGEE WARNING:
[22:12:15] [main/WARN]: :>  
[22:12:15] [main/WARN]: :>  This plugin wasn't tested to be 'working'
[22:12:15] [main/WARN]: :>  with ANY version of BungeeCord (and forks)
[22:12:15] [main/WARN]: :>  apart from the versions listed below:
[22:12:15] [main/WARN]: :>  
[22:12:15] [main/WARN]: :>  - BungeeCord: 1.21-R0.1-SNAPSHOT:acb85e3:1871
[22:12:15] [main/WARN]: :>  - Waterfall: 1.21-R0.1-SNAPSHOT:de8345a:579
[22:12:15] [main/WARN]: :>  
[22:12:15] [main/WARN]: :>  This is not a Bukkit/Spigot plugin!
[22:12:15] [main/WARN]: :>  
[22:12:15] [main/WARN]: :>  Use "-Deaglerxbungee.stfu=true" to hide
[22:12:15] [main/WARN]: :>  
[22:12:15] [main/WARN]: :>:>:>:>:>:>:>:>:>:>:>:>:>:>:>:>:>:>:>:>:>:>:>
[22:12:16] [main/INFO] [EaglercraftXBungee]: Loading vanilla profile: lax1dude
[22:12:17] [Skin Download Thread #1/INFO] [EaglercraftXBungee]: Loaded vanilla profile: lax1dude
[22:12:17] [main/INFO]: Loaded plugin EaglercraftXBungee version 1.3.1 by lax1dude
[22:12:18] [main/WARN]: Forced host server pvp is not defined
[22:12:18] [main/INFO]: Enabled plugin reconnect_yaml version git:reconnect_yaml:1.21-R0.1-SNAPSHOT:de8345a:579 by WaterfallMC
[22:12:18] [main/INFO]: Enabled plugin cmd_find version git:cmd_find:1.21-R0.1-SNAPSHOT:de8345a:579 by WaterfallMC
[22:12:18] [main/INFO]: Enabled plugin cmd_server version git:cmd_server:1.21-R0.1-SNAPSHOT:de8345a:579 by WaterfallMC
[22:12:18] [main/INFO]: Enabled plugin cmd_alert version git:cmd_alert:1.21-R0.1-SNAPSHOT:de8345a:579 by WaterfallMC
[22:12:18] [main/INFO]: Enabled plugin cmd_send version git:cmd_send:1.21-R0.1-SNAPSHOT:de8345a:579 by WaterfallMC
[22:12:18] [main/INFO]: Enabled plugin cmd_list version git:cmd_list:1.21-R0.1-SNAPSHOT:de8345a:579 by WaterfallMC
[22:12:18] [main/ERROR] [EaglercraftXBungee]: Online mode is set to false! Authentication system has been disabled
[22:12:18] [Netty Boss IO Thread #0/INFO] [EaglercraftXBungee]: Eaglercraft is listening on: /0.0.0.0:8081
[22:12:18] [main/INFO] [EaglercraftXBungee]: Connected to database: jdbc:sqlite:eaglercraft_skins_cache.db
[22:12:18] [main/INFO] [EaglercraftXBungee]: Voice chat disabled, add "allow_voice: true" to your listeners to enable
[22:12:18] [main/INFO]: Enabled plugin EaglercraftXBungee version 1.3.1 by lax1dude
[22:12:18] [Netty Boss IO Thread #1/INFO]: Listening on /127.0.0.1:25577
[22:13:38] [Netty Worker IO Thread #0/WARN] [EaglercraftXBungee]: Server icon is not a file: /workspaces/survival-server/bungee/server-icon.png
[22:13:53] [Netty Worker IO Thread #1/INFO] [EaglercraftXBungee]: [/[0:0:0:0:0:0:0:1%0]:35008]: Connected via websocket
[22:13:53] [Netty Worker IO Thread #1/INFO] [EaglercraftXBungee]: [/[0:0:0:0:0:0:0:1%0]:35008]: Origin header is null
[22:13:53] [Netty Worker IO Thread #1/INFO] [EaglercraftXBungee]: [/[0:0:0:0:0:0:0:1%0]:35008]: Logged in as 'Nick'
[22:13:53] [Netty Worker IO Thread #1/INFO]: [/[0:0:0:0:0:0:0:1%0]:35008|Nick] -> UpstreamBridge has connected
[22:13:53] [Netty Worker IO Thread #1/INFO]: [Nick|/[0:0:0:0:0:0:0:1%0]:35008] <-> ServerConnector [lobby] has connected
[22:14:23] [Netty Worker IO Thread #2/INFO] [EaglercraftXBungee]: [/[0:0:0:0:0:0:0:1%0]:49370]: Connected via websocket
[22:14:23] [Netty Worker IO Thread #2/INFO] [EaglercraftXBungee]: [/[0:0:0:0:0:0:0:1%0]:49370]: Origin header is null
[22:14:23] [Netty Worker IO Thread #2/INFO] [EaglercraftXBungee]: [/[0:0:0:0:0:0:0:1%0]:49370]: Logged in as 'jensy_that_guy'
[22:14:23] [Netty Worker IO Thread #2/INFO]: [/[0:0:0:0:0:0:0:1%0]:49370|jensy_that_guy] -> UpstreamBridge has connected
[22:14:23] [Netty Worker IO Thread #2/INFO]: [jensy_that_guy|/[0:0:0:0:0:0:0:1%0]:49370] <-> ServerConnector [lobby] has connected
[22:15:18] [Netty Worker IO Thread #2/INFO]: [/[0:0:0:0:0:0:0:1%0]:49370|jensy_that_guy] -> UpstreamBridge has disconnected
[22:15:18] [Netty Worker IO Thread #2/INFO]: [jensy_that_guy] disconnected with: Proxy lost connection to server.
[22:15:18] [Netty Worker IO Thread #2/INFO]: [/[0:0:0:0:0:0:0:1%0]:49370|jensy_that_guy] <-> DownstreamBridge <-> [lobby] has disconnected
[22:15:39] [Netty Worker IO Thread #1/INFO]: [Nick] disconnected with: Server closed
[22:15:39] [Netty Worker IO Thread #1/INFO]: [/[0:0:0:0:0:0:0:1%0]:35008|Nick] -> UpstreamBridge has disconnected
[22:15:39] [Netty Worker IO Thread #1/INFO]: [/[0:0:0:0:0:0:0:1%0]:35008|Nick] <-> DownstreamBridge <-> [lobby] has disconnected
[22:17:52] [Netty Worker IO Thread #3/INFO] [EaglercraftXBungee]: [/[0:0:0:0:0:0:0:1%0]:57650]: Connected via websocket
[22:17:52] [Netty Worker IO Thread #3/INFO] [EaglercraftXBungee]: [/[0:0:0:0:0:0:0:1%0]:57650]: Origin header is null
[22:17:52] [Netty Worker IO Thread #3/INFO] [EaglercraftXBungee]: [/[0:0:0:0:0:0:0:1%0]:57650]: Logged in as 'jensy_that_guy'
[22:17:52] [Netty Worker IO Thread #3/INFO]: [/[0:0:0:0:0:0:0:1%0]:57650|jensy_that_guy] -> UpstreamBridge has connected
[22:17:52] [Netty Worker IO Thread #3/WARN]: Error occurred processing connection for jensy_that_guy AnnotatedConnectException : finishConnect(..) failed: Connection refused: localhost/127.0.0.1:25565
[22:17:52] [Netty Worker IO Thread #3/INFO]: [jensy_that_guy] disconnected with: Could not connect to a default or fallback server. Incorrectly configured address/port/firewall? 
[22:17:52] [Netty Worker IO Thread #3/INFO]: [/[0:0:0:0:0:0:0:1%0]:57650|jensy_that_guy] -> UpstreamBridge has disconnected
[22:18:13] [Netty Worker IO Thread #0/INFO] [EaglercraftXBungee]: [/[0:0:0:0:0:0:0:1%0]:41074]: Connected via websocket
[22:18:13] [Netty Worker IO Thread #0/INFO] [EaglercraftXBungee]: [/[0:0:0:0:0:0:0:1%0]:41074]: Origin header is null
[22:18:13] [Netty Worker IO Thread #0/INFO] [EaglercraftXBungee]: [/[0:0:0:0:0:0:0:1%0]:41074]: Logged in as 'jensy_that_guy'
[22:18:13] [Netty Worker IO Thread #0/INFO]: [/[0:0:0:0:0:0:0:1%0]:41074|jensy_that_guy] -> UpstreamBridge has connected
[22:18:13] [Netty Worker IO Thread #0/WARN]: Error occurred processing connection for jensy_that_guy AnnotatedConnectException : finishConnect(..) failed: Connection refused: localhost/127.0.0.1:25565
[22:18:13] [Netty Worker IO Thread #0/INFO]: [jensy_that_guy] disconnected with: Could not connect to a default or fallback server. Incorrectly configured address/port/firewall? 
[22:18:13] [Netty Worker IO Thread #0/INFO]: [/[0:0:0:0:0:0:0:1%0]:41074|jensy_that_guy] -> UpstreamBridge has disconnected
